NIGHTLY ORCHESTRATOR V40 START 20260217_111606
Pre-run backup at: C:\ANALYTICS207\backup\20260217_111606__pre
1) Running scrapers pipeline to build data/truth.csv
Running: C:\Users\cwarm\AppData\Local\Programs\Python\Python312\python.exe MPA_SCRAPER_V25.py
Running: C:\Users\cwarm\AppData\Local\Programs\Python\Python312\python.exe MPA_SCORES_SCRAPER_V25.py
Traceback (most recent call last):
  File "C:\ANALYTICS207\nightly\nightly_orchestrator_v40.py", line 105, in <module>
    main()
  File "C:\ANALYTICS207\nightly\nightly_orchestrator_v40.py", line 76, in main
    run_cmd([sys.executable, "MPA_SCORES_SCRAPER_V25.py"], cwd=SCRAPERSDIR)
  File "C:\ANALYTICS207\nightly\nightly_orchestrator_v40.py", line 30, in run_cmd
    result = subprocess.run(cmd, cwd=str(cwd or ROOT))
             ^^^^^^^^^^^^^^^^^^^^^^^^^^^^^^^^^^^^^^^^^
  File "C:\Users\cwarm\AppData\Local\Programs\Python\Python312\Lib\subprocess.py", line 550, in run
    stdout, stderr = process.communicate(input, timeout=timeout)
                     ^^^^^^^^^^^^^^^^^^^^^^^^^^^^^^^^^^^^^^^^^^^
  File "C:\Users\cwarm\AppData\Local\Programs\Python\Python312\Lib\subprocess.py", line 1201, in communicate
    self.wait()
  File "C:\Users\cwarm\AppData\Local\Programs\Python\Python312\Lib\subprocess.py", line 1264, in wait
    return self._wait(timeout=timeout)
           ^^^^^^^^^^^^^^^^^^^^^^^^^^^
  File "C:\Users\cwarm\AppData\Local\Programs\Python\Python312\Lib\subprocess.py", line 1590, in _wait
    result = _winapi.WaitForSingleObject(self._handle,
             ^^^^^^^^^^^^^^^^^^^^^^^^^^^^^^^^^^^^^^^^^
KeyboardInterrupt
