NIGHTLY ORCHESTRATOR V40 START 20260217_113309
Pre-run backup at: C:\ANALYTICS207\backup\20260217_113309__pre
1) Running scrapers pipeline to build data/truth.csv
Running: C:\Users\cwarm\AppData\Local\Programs\Python\Python312\python.exe MPA_SCRAPER_V25.py
Running: C:\Users\cwarm\AppData\Local\Programs\Python\Python312\python.exe MPA_SCORES_SCRAPER_V25.py
Running: C:\Users\cwarm\AppData\Local\Programs\Python\Python312\python.exe JOIN_SCORES_V25.py
Running: C:\Users\cwarm\AppData\Local\Programs\Python\Python312\python.exe FIX_HOME_AWAY_TEAM_NAMES.py
Post-scrape backup at: C:\ANALYTICS207\backup\20260217_113309__post_scrape
2) Running nightly_v40 build
NIGHTLY V40 START (NO CORE_V30)
1) Build v40 facts cores from truth.csv (no predictions)
2) Run prediction engine to generate predictions_current
FIT sigma_m 18.43772509225968 n_resid 1156
FIT sigma_m 20.185865468752407 n_resid 1158
TIER_COUNTS {'lo': 1658, 'mid': 528, 'hi': 143}
Wrote 2329 rows to C:\ANALYTICS207\data\predictions\games_predictions_current.parquet
3) Build v40 public bundle (facts + preds + grading)
KEY MISMATCH NOTE (non-fatal): bad_home=0 bad_away=0
4) Build v40 performance/calibration outputs
6) Final separation audit
Wrote v40 facts:   C:\ANALYTICS207\data\core\teams_team_season_core_v40.parquet, C:\ANALYTICS207\data\core\games_game_core_v40.parquet
Wrote v40 preds:   C:\ANALYTICS207\data\predictions\games_predictions_current.parquet
Wrote v40 public:  C:\ANALYTICS207\data\public\games_public_v40.parquet
Wrote v40 calib:   C:\ANALYTICS207\data\calibration\performance_summary_v40.parquet, C:\ANALYTICS207\data\calibration\performance_games_v40.parquet, C:\ANALYTICS207\data\calibration\performance_calibration_v40.parquet, C:\ANALYTICS207\data\calibration\performance_by_spread_v40.parquet
Wrote v40 report:  C:\ANALYTICS207\data\calibration\nightly_report_v40.parquet
NIGHTLY V40 SUCCESS
NIGHTLY ORCHESTRATOR V40 SUCCESS
